[spark] container 'avo-b12x-spark-fkhoubsirat' already running on p4242-0053
{
  "shape": {
    "M": 32,
    "K": 5376,
    "N": 5376
  },
  "kernel_variant": "set_by_caller",
  "warmup": 20,
  "iters": 100,
  "repeats": 7,
  "baseline_eager": {
    "median_us": 116.65599822998047,
    "mean_us": 116.52557781764439,
    "min_us": 114.30975914001465,
    "max_us": 119.20224189758301,
    "samples_us": [
      114.45152282714844,
      114.30975914001465,
      116.65599822998047,
      119.20224189758301,
      118.86624336242676,
      117.86496162414551,
      114.32831764221191
    ]
  },
  "inline_eager": {
    "median_us": 134.61824417114258,
    "mean_us": 131.78107534136092,
    "min_us": 126.75392150878906,
    "max_us": 135.54304122924805,
    "samples_us": [
      126.77663803100586,
      127.81536102294922,
      134.61824417114258,
      135.52639961242676,
      126.75392150878906,
      135.43392181396484,
      135.54304122924805
    ]
  },
  "baseline_graph": {
    "median_us": 117.30912208557129,
    "mean_us": 118.30614907400948,
    "min_us": 116.7084789276123,
    "max_us": 122.5391960144043,
    "samples_us": [
      116.87328338623047,
      117.30912208557129,
      122.5391960144043,
      117.73152351379395,
      116.71135902404785,
      120.27008056640625,
      116.7084789276123
    ]
  },
  "inline_graph": {
    "median_us": 126.04800224304199,
    "mean_us": 127.324617930821,
    "min_us": 125.7414436340332,
    "max_us": 131.71744346618652,
    "samples_us": [
      126.04800224304199,
      125.95135688781738,
      131.71744346618652,
      129.71455574035645,
      126.08192443847656,
      125.7414436340332,
      126.01759910583496
    ]
  },
  "inline_vs_baseline_correctness": {
    "max_abs": 0.0,
    "mean_abs": 0.0,
    "cos": 1.0
  }
}
