[spark] container 'avo-b12x-spark-fkhoubsirat' already running on p4242-0053
Traceback (most recent call last):
  File "<string>", line 1, in <module>
  File "/home/farazkh_scratch/agentic-dev/avo-b12x-trt/b12x/b12x/gemm/fp8_dense_triton.py", line 96, in fp8_dense_gemm_triton
    _fp8_dense_gemm_kernel[grid](
  File "/usr/local/lib/python3.12/dist-packages/triton/runtime/jit.py", line 370, in <lambda>
    return lambda *args, **kwargs: self.run(grid=grid, warmup=False, *args, **kwargs)
                                   ^^^^^^^^^^^^^^^^^^^^^^^^^^^^^^^^^^^^^^^^^^^^^^^^^^
  File "/usr/local/lib/python3.12/dist-packages/triton/runtime/jit.py", line 700, in run
    device = driver.active.get_current_device()
             ^^^^^^^^^^^^^
  File "/usr/local/lib/python3.12/dist-packages/triton/runtime/driver.py", line 28, in active
    self._active = self.default
                   ^^^^^^^^^^^^
  File "/usr/local/lib/python3.12/dist-packages/triton/runtime/driver.py", line 22, in default
    self._default = _create_driver()
                    ^^^^^^^^^^^^^^^^
  File "/usr/local/lib/python3.12/dist-packages/triton/runtime/driver.py", line 10, in _create_driver
    return active_drivers[0]()
           ^^^^^^^^^^^^^^^^^^^
  File "/usr/local/lib/python3.12/dist-packages/triton/backends/nvidia/driver.py", line 720, in __init__
    self.utils = CudaUtils()  # TODO: make static
                 ^^^^^^^^^^^
  File "/usr/local/lib/python3.12/dist-packages/triton/backends/nvidia/driver.py", line 62, in __init__
    mod = compile_module_from_src(
          ^^^^^^^^^^^^^^^^^^^^^^^^
  File "/usr/local/lib/python3.12/dist-packages/triton/runtime/build.py", line 78, in compile_module_from_src
    cache = get_cache_manager(key)
            ^^^^^^^^^^^^^^^^^^^^^^
  File "/usr/local/lib/python3.12/dist-packages/triton/runtime/cache.py", line 248, in get_cache_manager
    return cls(_base32(key))
           ^^^^^^^^^^^^^^^^^
  File "/usr/local/lib/python3.12/dist-packages/triton/runtime/cache.py", line 55, in __init__
    os.makedirs(self.cache_dir, exist_ok=True)
  File "<frozen os>", line 215, in makedirs
  File "<frozen os>", line 215, in makedirs
  File "<frozen os>", line 225, in makedirs
PermissionError: [Errno 13] Permission denied: '/home/farazkh_scratch/agentic-dev/avo-b12x-trt/.n3/cache/home/.triton'
