[spark] container 'avo-b12x-spark-fkhoubsirat' already running on p4242-0053
decode 1 4096 4096 122.8799968957901 123.05599823594093 269.82399821281433 268.3520019054413 True
decode 1 4096 5376 151.5520066022873 151.5680029988289 319.5039927959442 317.4719959497452 True
decode 1 5376 4096 150.54400265216827 150.4639983177185 331.7599892616272 331.6799998283386 True
decode 4 4096 5376 151.48800611495972 151.48800611495972 319.487988948822 318.09599697589874 True
decode 32 4096 5376 151.5520066022873 151.58399939537048 316.9599920511246 317.4719959497452 True
decode 32 5376 5376 186.3040030002594 186.3040030002594 362.4959886074066 360.59199273586273 True
decode 80 4096 5376 173.0560064315796 173.0080023407936 450.5760073661804 450.5600035190582 True
prefill 8192 4096 5376 1879.5520067214966 1921.0079908370972 51302.35290527344 51340.31867980957 True
prefill 8192 5376 4096 1876.479983329773 1915.0720238685608 47372.751235961914 47408.639907836914 True
prefill 16384 4096 5376 4018.7039375305176 4026.848077774048 124275.18081665039 124281.08978271484 True
prefill 32768 4096 5376 7782.511949539185 7805.487871170044 275530.3039550781 275467.2088623047 True
decode_tp4 1 4096 1024 31.40799980610609 31.28000069409609 206.84799551963806 206.83199912309647 True
decode_tp4 1 4096 1344 34.84800085425377 34.81600061058998 208.8959962129593 209.00800079107285 True
decode_tp4 1 5376 1024 35.88800132274628 36.78400069475174 268.2559937238693 268.17598938941956 True
decode_tp4 4 4096 1344 35.90400144457817 36.75200045108795 208.8959962129593 209.07200127840042 True
decode_tp4 32 4096 1344 37.79200091958046 37.44000010192394 204.78399842977524 204.68799769878387 True
decode_tp4 32 5376 1344 46.1760014295578 46.54400050640106 266.2400007247925 266.1759853363037 True
decode_tp4 80 4096 1344 39.91999849677086 39.872001856565475 206.81600272655487 206.7839950323105 True
prefill_tp4 8192 4096 1344 528.7199914455414 527.9519855976105 12859.216213226318 12866.559982299805 True
prefill_tp4 8192 5376 1024 522.0640003681183 521.8240022659302 12141.568183898926 12141.056060791016 True
prefill_tp4 16384 4096 1344 964.0800058841705 961.5840017795563 32289.262771606445 32286.975860595703 True
prefill_tp4 32768 4096 1344 1849.7920036315918 1909.0399742126465 63531.551361083984 63542.80090332031 True
