[spark] container 'avo-b12x-spark-fkhoubsirat' already running on p4242-0053
{
  "shape": {
    "M": 32,
    "K": 5376,
    "N": 5376
  },
  "warmup": 20,
  "iters": 100,
  "repeats": 9,
  "variants": {
    "parity_tn32": {
      "tile_m": 32,
      "tile_n": 32,
      "stage_k": 256,
      "grid_ctas": 168,
      "block_threads": 128,
      "dynamic_smem_bytes": 16384
    },
    "t1best_tn64": {
      "tile_m": 32,
      "tile_n": 64,
      "stage_k": 256,
      "grid_ctas": 84,
      "block_threads": 128,
      "dynamic_smem_bytes": 24576
    }
  },
  "correctness": {
    "parity_tn32": {
      "max_abs": 0.0,
      "mean_abs": 0.0,
      "cos": 1.0
    },
    "t1best_tn64": {
      "max_abs": 0.0,
      "mean_abs": 0.0,
      "cos": 1.0
    }
  },
  "eager": {
    "baseline": {
      "median_us": 103.9635181427002,
      "mean_us": 103.23662334018283,
      "min_us": 100.88064193725586,
      "max_us": 106.74495697021484,
      "samples_us": [
        100.97760200500488,
        100.97248077392578,
        104.9721622467041,
        104.0937614440918,
        105.55968284606934,
        103.9635181427002,
        100.88064193725586,
        100.96480369567871,
        106.74495697021484
      ]
    },
    "parity_tn32": {
      "median_us": 108.99616241455078,
      "mean_us": 111.39907519022624,
      "min_us": 108.67775917053223,
      "max_us": 116.66943550109863,
      "samples_us": [
        108.69664192199707,
        108.83232116699219,
        116.66943550109863,
        108.80415916442871,
        116.38912200927734,
        108.67775917053223,
        108.99616241455078,
        113.13535690307617,
        112.39071846008301
      ]
    },
    "t1best_tn64": {
      "median_us": 115.55487632751465,
      "mean_us": 117.25770738389757,
      "min_us": 115.26656150817871,
      "max_us": 123.61663818359375,
      "samples_us": [
        123.61663818359375,
        115.50271987915039,
        115.54400444030762,
        121.70559883117676,
        115.45248031616211,
        115.26656150817871,
        117.02912330627441,
        115.55487632751465,
        115.64736366271973
      ]
    }
  },
  "graph": {
    "baseline": {
      "median_us": 103.57215881347656,
      "mean_us": 105.16401820712619,
      "min_us": 103.29471588134766,
      "max_us": 108.06464195251465,
      "samples_us": [
        106.15008354187012,
        108.06464195251465,
        107.81311988830566,
        107.21664428710938,
        103.29471588134766,
        103.4995174407959,
        103.51424217224121,
        103.57215881347656,
        103.35103988647461
      ]
    },
    "parity_tn32": {
      "median_us": 108.74431610107422,
      "mean_us": 110.44956525166829,
      "min_us": 108.54944229125977,
      "max_us": 116.26208305358887,
      "samples_us": [
        108.87136459350586,
        108.63840103149414,
        113.72159957885742,
        111.92095756530762,
        108.74431610107422,
        108.5968017578125,
        116.26208305358887,
        108.54944229125977,
        108.74112129211426
      ]
    },
    "t1best_tn64": {
      "median_us": 115.45056343078613,
      "mean_us": 115.43800989786784,
      "min_us": 115.26880264282227,
      "max_us": 115.53567886352539,
      "samples_us": [
        115.41791915893555,
        115.47072410583496,
        115.5241584777832,
        115.26880264282227,
        115.45056343078613,
        115.40863990783691,
        115.45472145080566,
        115.41088104248047,
        115.53567886352539
      ]
    }
  }
}
