[spark] container 'avo-b12x-spark-fkhoubsirat' already running on p4242-0053
{
  "shape": {
    "M": 32,
    "K": 5376,
    "N": 5376
  },
  "kernel_variant": "set_by_caller",
  "warmup": 20,
  "iters": 100,
  "repeats": 7,
  "baseline_eager": {
    "median_us": 94.37536239624023,
    "mean_us": 95.61810493469238,
    "min_us": 94.18848037719727,
    "max_us": 97.6576042175293,
    "samples_us": [
      94.37536239624023,
      94.18848037719727,
      94.33440208435059,
      94.2579174041748,
      97.6576042175293,
      96.86976432800293,
      97.64320373535156
    ]
  },
  "inline_eager": {
    "median_us": 106.7795181274414,
    "mean_us": 106.74271856035504,
    "min_us": 104.48863983154297,
    "max_us": 109.38559532165527,
    "samples_us": [
      105.9721565246582,
      107.25184440612793,
      106.7795181274414,
      105.53695678710938,
      107.7843189239502,
      104.48863983154297,
      109.38559532165527
    ]
  },
  "baseline_graph": {
    "median_us": 96.42496109008789,
    "mean_us": 97.28822980608258,
    "min_us": 96.2822437286377,
    "max_us": 100.32928466796875,
    "samples_us": [
      96.42496109008789,
      96.43168449401855,
      98.94111633300781,
      100.32928466796875,
      96.29471778869629,
      96.2822437286377,
      96.31360054016113
    ]
  },
  "inline_graph": {
    "median_us": 102.3744010925293,
    "mean_us": 103.87538228716168,
    "min_us": 102.22911834716797,
    "max_us": 109.66943740844727,
    "samples_us": [
      104.42624092102051,
      102.22911834716797,
      102.30496406555176,
      109.66943740844727,
      103.79167556762695,
      102.33183860778809,
      102.3744010925293
    ]
  },
  "inline_vs_baseline_correctness": {
    "max_abs": 0.0,
    "mean_abs": 0.0,
    "cos": 1.0
  }
}
